#
# A fatal error has been detected by the Java Runtime Environment:
#
#  EXCEPTION_IN_PAGE_ERROR (0xc0000006) at pc=0x00007ffe23fd1989, pid=3788, tid=2764
#
# JRE version:  (18.0.2.1+1) (build )
# Java VM: Java HotSpot(TM) 64-Bit Server VM (18.0.2.1+1-1, mixed mode, sharing, tiered, compressed oops, compressed class ptrs, g1 gc, windows-amd64)
# Problematic frame:
# C  [VCRUNTIME140.dll+0x1989]
#
# No core dump will be written. Minidumps are not enabled by default on client versions of Windows
#
#

---------------  S U M M A R Y ------------

Command Line: -Dfile.encoding=UTF-8 sentenciascontrol.SentenciasControl

Host: Intel(R) Core(TM) i7-3520M CPU @ 2.90GHz, 4 cores, 7G,  Windows 10 , 64 bit Build 19041 (10.0.19041.1566)
Time: Mon Sep 19 21:06:08 2022 Hora estándar, América Central elapsed time: 0.032913 seconds (0d 0h 0m 0s)

---------------  T H R E A D  ---------------

Current thread is native thread

Stack: [0x0000001733200000,0x0000001733300000],  sp=0x00000017332fefe0,  free space=1019k
Native frames: (J=compiled Java code, j=interpreted, Vv=VM code, C=native code)
C  [VCRUNTIME140.dll+0x1989]
V  [jvm.dll+0x6ba9c3]
V  [jvm.dll+0x6b96f0]
V  [jvm.dll+0x6b929e]
V  [jvm.dll+0x38bfb2]
V  [jvm.dll+0x7a1e33]
V  [jvm.dll+0x40dc3f]
V  [jvm.dll+0x40f611]
C  [jli.dll+0x526b]
C  [ucrtbase.dll+0x21bb2]
C  [KERNEL32.DLL+0x17034]
C  [ntdll.dll+0x52651]


siginfo: EXCEPTION_IN_PAGE_ERROR (0xc0000006), writing address 0x0000019c05560000


Registers:
RAX=0x0000000000000000, RBX=0x0000019c05560000, RCX=0x0000000000010000, RDX=0x0000000000000000
RSP=0x00000017332fefe0, RBP=0x0000019c0759acc0, RSI=0x0000019c05462250, RDI=0x0000019c05560000
R8 =0x0000000000010000, R9 =0x0000000000000000, R10=0x0000000000000000, R11=0x0000019c05560000
R12=0x0000000000000001, R13=0x00007ffdde0a8390, R14=0x0000019c05446380, R15=0x0000000000010000
RIP=0x00007ffe23fd1989, EFLAGS=0x0000000000010202

Top of Stack: (sp=0x00000017332fefe0)
0x00000017332fefe0:   0000000000000000 00007ffddddda9c3
0x00000017332feff0:   0000019c0759acc0 0000019c05462250
0x00000017332ff000:   0000019c05462250 0000000000000140
0x00000017332ff010:   0000000000010000 00000017332ff030
0x00000017332ff020:   00000017332ff2a0 0000019c00000104
0x00000017332ff030:   0000010100000103 0000019c0759acc4
0x00000017332ff040:   0000000000000000 0000000000000020
0x00000017332ff050:   0000000000000014 0000000000000004
0x00000017332ff060:   0000019c05430000 00000017332ff129
0x00000017332ff070:   0000000000000002 00007ffe2c43b3c7
0x00000017332ff080:   0000019c005c3a43 0000000000000000
0x00000017332ff090:   0000000000000014 0000019c00000000
0x00000017332ff0a0:   000000020759a4b0 000000000000000b
0x00000017332ff0b0:   000000020000fd60 00007ffe2c578540
0x00000017332ff0c0:   0000019c05430320 0000000000000000
0x00000017332ff0d0:   00000000000e000d 0000000000000000 

Instructions: (pc=0x00007ffe23fd1989)
0x00007ffe23fd1889:   49 03 c8 0f 10 44 11 f0 48 83 e9 10 49 83 e8 10
0x00007ffe23fd1899:   f6 c1 0f 74 17 48 8b c1 48 83 e1 f0 0f 10 c8 0f
0x00007ffe23fd18a9:   10 04 11 0f 11 08 4c 8b c1 4d 2b c3 4d 8b c8 49
0x00007ffe23fd18b9:   c1 e9 07 74 6f 0f 29 01 eb 14 66 66 66 66 66 0f
0x00007ffe23fd18c9:   1f 84 00 00 00 00 00 0f 29 41 10 0f 29 09 0f 10
0x00007ffe23fd18d9:   44 11 f0 0f 10 4c 11 e0 48 81 e9 80 00 00 00 0f
0x00007ffe23fd18e9:   29 41 70 0f 29 49 60 0f 10 44 11 50 0f 10 4c 11
0x00007ffe23fd18f9:   40 49 ff c9 0f 29 41 50 0f 29 49 40 0f 10 44 11
0x00007ffe23fd1909:   30 0f 10 4c 11 20 0f 29 41 30 0f 29 49 20 0f 10
0x00007ffe23fd1919:   44 11 10 0f 10 0c 11 75 ae 0f 29 41 10 49 83 e0
0x00007ffe23fd1929:   7f 0f 28 c1 4d 8b c8 49 c1 e9 04 74 1a 66 66 0f
0x00007ffe23fd1939:   1f 84 00 00 00 00 00 0f 11 01 48 83 e9 10 0f 10
0x00007ffe23fd1949:   04 11 49 ff c9 75 f0 49 83 e0 0f 74 08 41 0f 10
0x00007ffe23fd1959:   0a 41 0f 11 0b 0f 11 01 49 8b c3 c3 cc cc cc cc
0x00007ffe23fd1969:   cc cc cc cc cc cc cc cc cc cc cc cc cc 66 66 0f
0x00007ffe23fd1979:   1f 84 00 00 00 00 00 57 8b c2 48 8b f9 49 8b c8
0x00007ffe23fd1989:   f3 aa 49 8b c3 5f c3 cc cc cc cc cc cc 66 66 0f
0x00007ffe23fd1999:   1f 84 00 00 00 00 00 4c 8b d9 0f b6 d2 49 b9 01
0x00007ffe23fd19a9:   01 01 01 01 01 01 01 4c 0f af ca 49 83 f8 10 0f
0x00007ffe23fd19b9:   86 f2 00 00 00 66 49 0f 6e c1 66 0f 60 c0 49 81
0x00007ffe23fd19c9:   f8 80 00 00 00 77 10 e9 6b 00 00 00 66 66 66 0f
0x00007ffe23fd19d9:   1f 84 00 00 00 00 00 f6 05 d5 39 01 00 02 75 97
0x00007ffe23fd19e9:   0f 11 01 4c 03 c1 48 83 c1 10 48 83 e1 f0 4c 2b
0x00007ffe23fd19f9:   c1 4d 8b c8 49 c1 e9 07 74 3d 4c 3b 0d 1e 36 01
0x00007ffe23fd1a09:   00 0f 87 60 00 00 00 0f 29 01 0f 29 41 10 48 81
0x00007ffe23fd1a19:   c1 80 00 00 00 0f 29 41 a0 0f 29 41 b0 49 ff c9
0x00007ffe23fd1a29:   0f 29 41 c0 0f 29 41 d0 0f 29 41 e0 66 0f 29 41
0x00007ffe23fd1a39:   f0 75 d4 49 83 e0 7f 4d 8b c8 49 c1 e9 04 74 13
0x00007ffe23fd1a49:   0f 1f 80 00 00 00 00 0f 11 01 48 83 c1 10 49 ff
0x00007ffe23fd1a59:   c9 75 f4 49 83 e0 0f 74 06 42 0f 11 44 01 f0 49
0x00007ffe23fd1a69:   8b c3 c3 0f 1f 40 00 0f 2b 01 0f 2b 41 10 48 81
0x00007ffe23fd1a79:   c1 80 00 00 00 0f 2b 41 a0 0f 2b 41 b0 49 ff c9 



---------------  P R O C E S S  ---------------

VM state: not at safepoint (not fully initialized)

VM Mutex/Monitor currently owned by a thread: None

Heap address: 0x0000000000000000, size: 0 MB, Compressed Oops mode: 32-bit

CDS archive(s) mapped at: [0x0000000000000000-0x0000000000000000-0x0000000000000000), size 0, SharedBaseAddress: 0x0000000800000000, ArchiveRelocationMode: 0.
Narrow klass base: 0x0000000000000000, Narrow klass shift: 0, Narrow klass range: 0x0

GC Precious Log:
<Not initialized>

Deoptimization events (0 events):
No events

Classes loaded (0 events):
No events

Classes unloaded (0 events):
No events

Classes redefined (0 events):
No events

Internal exceptions (0 events):
No events

VM Operations (0 events):
No events

Events (0 events):
No events


Dynamic libraries:
0x00007ff727d50000 - 0x00007ff727d60000 	D:\JDK\bin\java.exe
0x00007ffe2c410000 - 0x00007ffe2c605000 	C:\Windows\SYSTEM32\ntdll.dll
0x00007ffe2c060000 - 0x00007ffe2c11e000 	C:\Windows\System32\KERNEL32.DLL
0x00007ffe29dd0000 - 0x00007ffe2a098000 	C:\Windows\System32\KERNELBASE.dll
0x00007ffe2a340000 - 0x00007ffe2a440000 	C:\Windows\System32\ucrtbase.dll
0x00007ffe23fd0000 - 0x00007ffe23fea000 	D:\JDK\bin\VCRUNTIME140.dll
0x00007ffe26830000 - 0x00007ffe26848000 	D:\JDK\bin\jli.dll
0x00007ffe2aaf0000 - 0x00007ffe2ab9e000 	C:\Windows\System32\ADVAPI32.dll
0x00007ffe2ae30000 - 0x00007ffe2aece000 	C:\Windows\System32\msvcrt.dll
0x00007ffe2b6e0000 - 0x00007ffe2b77c000 	C:\Windows\System32\sechost.dll
0x00007ffe2c2a0000 - 0x00007ffe2c3c5000 	C:\Windows\System32\RPCRT4.dll
0x00007ffe2a950000 - 0x00007ffe2aaf0000 	C:\Windows\System32\USER32.dll
0x00007ffe2a440000 - 0x00007ffe2a462000 	C:\Windows\System32\win32u.dll
0x00007ffe193b0000 - 0x00007ffe1964a000 	C:\Windows\WinSxS\amd64_microsoft.windows.common-controls_6595b64144ccf1df_6.0.19041.1110_none_60b5254171f9507e\COMCTL32.dll
0x00007ffe2a7d0000 - 0x00007ffe2a7fb000 	C:\Windows\System32\GDI32.dll
0x00007ffe29cc0000 - 0x00007ffe29dcb000 	C:\Windows\System32\gdi32full.dll
0x00007ffe29c20000 - 0x00007ffe29cbd000 	C:\Windows\System32\msvcp_win.dll
0x00007ffe1bb20000 - 0x00007ffe1bb2a000 	C:\Windows\SYSTEM32\VERSION.dll
0x00007ffe2c180000 - 0x00007ffe2c1b0000 	C:\Windows\System32\IMM32.DLL
0x00007ffe23ca0000 - 0x00007ffe23cac000 	D:\JDK\bin\vcruntime140_1.dll
0x00007ffe022f0000 - 0x00007ffe0237d000 	D:\JDK\bin\msvcp140.dll
0x00007ffddd720000 - 0x00007ffdde331000 	D:\JDK\bin\server\jvm.dll
0x00007ffe2b620000 - 0x00007ffe2b628000 	C:\Windows\System32\PSAPI.DLL
0x00007ffe26870000 - 0x00007ffe26879000 	C:\Windows\SYSTEM32\WSOCK32.dll
0x00007ffe2c1d0000 - 0x00007ffe2c23b000 	C:\Windows\System32\WS2_32.dll
0x00007ffe191f0000 - 0x00007ffe19217000 	C:\Windows\SYSTEM32\WINMM.dll
0x00007ffe27a40000 - 0x00007ffe27a52000 	C:\Windows\SYSTEM32\kernel.appcore.dll
0x00007ffe23c90000 - 0x00007ffe23c9a000 	D:\JDK\bin\jimage.dll
0x00007ffe11280000 - 0x00007ffe11464000 	C:\Windows\SYSTEM32\DBGHELP.DLL
0x00007ffe1d660000 - 0x00007ffe1d68c000 	C:\Windows\SYSTEM32\dbgcore.DLL
0x00007ffe2a0a0000 - 0x00007ffe2a122000 	C:\Windows\System32\bcryptPrimitives.dll

dbghelp: loaded successfully - version: 4.0.5 - missing functions: none
symbol engine: initialized successfully - sym options: 0x614 - pdb path: .;D:\JDK\bin;C:\Windows\SYSTEM32;C:\Windows\WinSxS\amd64_microsoft.windows.common-controls_6595b64144ccf1df_6.0.19041.1110_none_60b5254171f9507e;D:\JDK\bin\server

VM Arguments:
jvm_args: -Dfile.encoding=UTF-8 
java_command: sentenciascontrol.SentenciasControl
java_class_path (initial): D:\SentenciasControl\build\classes
Launcher Type: SUN_STANDARD

[Global flags]
     uint ConcGCThreads                            = 1                                         {product} {ergonomic}
     uint G1ConcRefinementThreads                  = 4                                         {product} {ergonomic}
    uintx GCDrainStackTargetSize                   = 64                                        {product} {ergonomic}
   size_t InitialHeapSize                          = 132294400                                 {product} {ergonomic}
   size_t MarkStackSize                            = 4194304                                   {product} {ergonomic}
   size_t MaxHeapSize                              = 2116710400                                {product} {ergonomic}
   size_t MinHeapSize                              = 6815736                                   {product} {ergonomic}
    uintx ReservedCodeCacheSize                    = 251658240                              {pd product} {ergonomic}
     bool SegmentedCodeCache                       = true                                      {product} {ergonomic}
     bool UseCompressedClassPointers               = true                           {product lp64_product} {ergonomic}
     bool UseCompressedOops                        = true                           {product lp64_product} {ergonomic}
     bool UseG1GC                                  = true                                      {product} {ergonomic}
     bool UseLargePagesIndividualAllocation        = false                                  {pd product} {ergonomic}

Logging:
Log output configuration:
 #0: stdout all=warning uptime,level,tags foldmultilines=false
 #1: stderr all=off uptime,level,tags foldmultilines=false

Environment Variables:
PATH=C:\Program Files\Common Files\Oracle\Java\javapath;C:\Windows\system32;C:\Windows;C:\Windows\System32\Wbem;C:\Windows\System32\WindowsPowerShell\v1.0\;C:\Windows\System32\OpenSSH\;F:\tdm\bin;F:\GITHUB\cmd;C:\Users\Jorge\AppData\Local\Microsoft\WindowsApps;;D:\visual studio code\Microsoft VS Code\bin
USERNAME=Jorge
OS=Windows_NT
PROCESSOR_IDENTIFIER=Intel64 Family 6 Model 58 Stepping 9, GenuineIntel



---------------  S Y S T E M  ---------------

OS:
 Windows 10 , 64 bit Build 19041 (10.0.19041.1566)
OS uptime: 0 days 7:36 hours

CPU: total 4 (initial active 4) 

Memory: 4k page, system-wide physical 8074M (3499M free)
TotalPageFile size 11259M (AvailPageFile size 6919M)
current process WorkingSet (physical memory assigned to process): 8M, peak: 8M
current process commit charge ("private bytes"): 3M, peak: 3M

vm_info: Java HotSpot(TM) 64-Bit Server VM (18.0.2.1+1-1) for windows-amd64 JRE (18.0.2.1+1-1), built on Aug 16 2022 01:46:33 by "mach5one" with MS VC++ 16.8 / 16.9 (VS2019)

END.
